2026-02-13 12:25:23,028 - INFO - Medical history ingested
2026-02-13 12:28:41,954 - INFO - Medical history ingested
2026-02-13 12:35:21,147 - INFO - Medical history ingested
2026-02-13 12:35:55,839 - INFO - Medical history ingested
2026-02-16 15:23:26,911 - INFO - [profile-1] Raw document ingested successfully.
2026-02-16 15:23:29,795 - INFO - [profile-1] Raw document ingested successfully.
2026-02-16 15:23:30,609 - INFO - [profile-1] Raw document ingested successfully.
2026-02-26 16:13:22,076 - INFO - [profile-1] Indexing: raw_documents/blood_reports/br_01.pdf
2026-02-26 16:13:24,798 - INFO - [profile-1] Indexed 19 page-level chunks.
2026-02-26 16:13:24,798 - INFO - [profile-1] lab_report indexed as 19 pages.
2026-02-26 16:13:24,798 - INFO - [profile-1] Indexing: raw_documents/prescriptions/8605be97-db2e-486b-8968-4b8a770fb1a4.JPG
2026-02-26 16:13:29,930 - WARNING - [profile-1] Extracted text too short or empty.
2026-02-26 16:13:29,931 - WARNING - [profile-1] Skipped raw_documents/prescriptions/8605be97-db2e-486b-8968-4b8a770fb1a4.JPG: {'status': 'failed', 'reason': 'No meaningful text extracted'}
2026-02-26 16:13:29,931 - INFO - [profile-1] Indexing: raw_documents/prescriptions/medical prescription.png
2026-02-26 16:13:29,931 - WARNING - [profile-1] Extracted text too short or empty.
2026-02-26 16:13:29,931 - WARNING - [profile-1] Skipped raw_documents/prescriptions/medical prescription.png: {'status': 'failed', 'reason': 'No meaningful text extracted'}
2026-02-27 10:06:53,051 - INFO - [profile-1] Indexing: raw_documents/blood_reports/br_01.pdf
2026-02-27 10:06:55,465 - INFO - [profile-1] Parsed 69 structured tests.
2026-02-27 10:06:55,682 - INFO - [profile-1] Complete lab listing indexed.
2026-02-27 10:06:55,707 - INFO - [profile-1] Clinical analysis summary indexed.
2026-02-27 10:06:57,132 - INFO - [profile-1] Indexed 19 page chunks.
2026-02-27 10:06:57,132 - INFO - [profile-1] lab_report fully indexed: structured + 19 page(s).
2026-02-27 10:06:57,133 - INFO - [profile-1] Indexing: raw_documents/prescriptions/8605be97-db2e-486b-8968-4b8a770fb1a4.JPG
2026-02-27 10:07:01,970 - WARNING - [profile-1] Extracted text too short.
2026-02-27 10:07:01,971 - WARNING - [profile-1] Skipped raw_documents/prescriptions/8605be97-db2e-486b-8968-4b8a770fb1a4.JPG: {'status': 'failed', 'reason': 'No meaningful text extracted'}
2026-02-27 10:07:01,971 - INFO - [profile-1] Indexing: raw_documents/prescriptions/medical prescription.png
2026-02-27 10:07:01,971 - WARNING - [profile-1] Extracted text too short.
2026-02-27 10:07:01,971 - WARNING - [profile-1] Skipped raw_documents/prescriptions/medical prescription.png: {'status': 'failed', 'reason': 'No meaningful text extracted'}
2026-03-03 10:05:26,103 - INFO - [profile-1] Indexing: raw_documents/blood_reports/br_01.pdf
2026-03-03 10:05:28,553 - INFO - [profile-1] Parsed 69 structured tests.
2026-03-03 10:05:28,846 - INFO - [profile-1] Complete lab listing indexed.
2026-03-03 10:05:28,875 - INFO - [profile-1] Clinical analysis summary indexed.
2026-03-03 10:05:30,308 - INFO - [profile-1] Indexed 19 page chunks.
2026-03-03 10:05:30,308 - INFO - [profile-1] lab_report fully indexed: structured + 19 page(s).
2026-03-03 10:05:30,308 - INFO - [profile-1] Indexing: raw_documents/prescriptions/8605be97-db2e-486b-8968-4b8a770fb1a4.JPG
2026-03-03 10:05:41,000 - WARNING - [profile-1] Extracted text too short.
2026-03-03 10:05:41,002 - WARNING - [profile-1] Skipped raw_documents/prescriptions/8605be97-db2e-486b-8968-4b8a770fb1a4.JPG: {'status': 'failed', 'reason': 'No meaningful text extracted'}
2026-03-03 10:05:41,002 - INFO - [profile-1] Indexing: raw_documents/prescriptions/medical prescription.png
2026-03-03 10:05:41,002 - WARNING - [profile-1] Extracted text too short.
2026-03-03 10:05:41,002 - WARNING - [profile-1] Skipped raw_documents/prescriptions/medical prescription.png: {'status': 'failed', 'reason': 'No meaningful text extracted'}
2026-03-03 10:53:34,035 - INFO - [profile-1] Indexing: raw_documents/prescriptions/8605be97-db2e-486b-8968-4b8a770fb1a4.JPG
2026-03-03 10:53:41,783 - INFO - [profile-1] prescription ingested from /Users/Sunav/cprog/sem3_workspace/college/CAVE_LABS/aichatbot_v2_testing/health_ai/data/profiles/profile-1/raw_documents/prescriptions/8605be97-db2e-486b-8968-4b8a770fb1a4.JPG.
2026-03-03 10:53:41,783 - INFO - [profile-1] Indexing: raw_documents/prescriptions/medical prescription.png
2026-03-03 10:53:44,392 - INFO - [profile-1] prescription ingested from /Users/Sunav/cprog/sem3_workspace/college/CAVE_LABS/aichatbot_v2_testing/health_ai/data/profiles/profile-1/raw_documents/prescriptions/medical prescription.png.
2026-03-04 11:14:25,805 - INFO - [profile-1] Indexing: raw_documents/prescriptions/8605be97-db2e-486b-8968-4b8a770fb1a4.JPG
2026-03-04 11:14:37,226 - INFO - [profile-1] OCR (pytesseract): 37 lines from 8605be97-db2e-486b-8968-4b8a770fb1a4.JPG
2026-03-04 11:14:37,671 - INFO - [profile-1] prescription ingested from /Users/Sunav/cprog/sem3_workspace/college/CAVE_LABS/aichatbot_v2_fixed/health_ai/data/profiles/profile-1/raw_documents/prescriptions/8605be97-db2e-486b-8968-4b8a770fb1a4.JPG.
2026-03-04 11:14:37,671 - INFO - [profile-1] Indexing: raw_documents/prescriptions/medical prescription.png
2026-03-04 11:14:38,425 - INFO - [profile-1] OCR (pytesseract): 21 lines from medical prescription.png
2026-03-04 11:14:38,519 - INFO - [profile-1] prescription ingested from /Users/Sunav/cprog/sem3_workspace/college/CAVE_LABS/aichatbot_v2_fixed/health_ai/data/profiles/profile-1/raw_documents/prescriptions/medical prescription.png.
2026-03-04 11:14:38,520 - INFO - [profile-1] Startup indexing done: 2 indexed, 1 skipped, 0 failed.
2026-03-04 11:19:55,639 - INFO - [profile-1] Parsed 69 structured tests.
2026-03-04 11:19:55,752 - INFO - [profile-1] Complete lab listing indexed.
2026-03-04 11:19:55,776 - INFO - [profile-1] Clinical analysis summary indexed.
2026-03-04 11:19:57,227 - INFO - [profile-1] Indexed 19 page chunks.
2026-03-04 11:19:57,227 - INFO - [profile-1] lab_report fully indexed: structured + 19 page(s).
2026-03-04 16:08:04,644 - INFO - [profile-1] OCR (pytesseract): 27 lines from tmplj4d5slr.jpg
2026-03-04 16:08:04,669 - INFO - [profile-1] prescription ingested from /var/folders/90/ykr68ztn4n97z4vrjw26z2hc0000gn/T/tmplj4d5slr.jpg.
